2026-06-16 13:42:07,198 INFO Старт программы
2026-06-16 13:42:08,196 INFO Старт потока вычитыания списка таблиц и их параметров
2026-06-16 13:42:08,241 INFO Подключение к БД: ('PostgreSQL 16.8 on x86_64-pc-linux-musl, compiled by gcc (Alpine 14.2.0) 14.2.0, 64-bit',)
2026-06-16 13:42:09,606 INFO Соединение с PostgreSQL закрыто
2026-06-16 13:42:12,517 INFO Вычитывание последней записи logger_866442072094391_data в потоке
2026-06-16 13:42:12,518 INFO Вычитывание списка записей таблицы logger_866442072094391_data в потоке (фоном)
2026-06-16 13:42:12,544 INFO Подключение к БД: ('PostgreSQL 16.8 on x86_64-pc-linux-musl, compiled by gcc (Alpine 14.2.0) 14.2.0, 64-bit',)
2026-06-16 13:42:12,583 INFO Подключение к БД: ('PostgreSQL 16.8 on x86_64-pc-linux-musl, compiled by gcc (Alpine 14.2.0) 14.2.0, 64-bit',)
2026-06-16 13:42:12,626 INFO Соединение с PostgreSQL закрыто
2026-06-16 13:42:12,628 INFO Получено событие record.selected: <class 'dict'>
2026-06-16 13:42:12,628 INFO Построение графиков для таблицы: logger_866442072094391_data, запись: 6132
2026-06-16 13:42:12,628 INFO Начинаем построение графиков для logger_866442072094391_data, запись 6132
2026-06-16 13:42:12,644 INFO Сигналы: (2048, 7), каналов: 7
2026-06-16 13:42:12,681 INFO Графики успешно построены
2026-06-16 13:42:12,706 INFO Подключение к БД: ('PostgreSQL 16.8 on x86_64-pc-linux-musl, compiled by gcc (Alpine 14.2.0) 14.2.0, 64-bit',)
2026-06-16 13:42:13,207 INFO Получено событие record.list: <class 'list'>
2026-06-16 13:42:13,207 INFO Получено 6132 записей для logger_866442072094391_data
2026-06-16 13:42:13,209 INFO Соединение с PostgreSQL закрыто
2026-06-16 13:42:27,557 INFO Начинаем построение графиков для LAR.3.20260613.123349.raw.00.csv, запись 1
2026-06-16 13:42:27,557 INFO Сигналы: (2048, 6), каналов: 6
2026-06-16 13:42:27,572 INFO Графики успешно построены
2026-06-16 13:42:37,447 INFO Получен timestamp от трендов: 1781354811300
2026-06-16 13:42:37,480 INFO Начинаем построение графиков для LAR.3.20260613.123349.raw.00.csv, запись 233
2026-06-16 13:42:37,481 INFO Сигналы: (2048, 6), каналов: 6
2026-06-16 13:42:37,494 INFO Графики успешно построены
2026-06-16 13:42:44,999 INFO Получен timestamp от трендов: 1781354885102
2026-06-16 13:42:45,035 INFO Начинаем построение графиков для LAR.3.20260613.123349.raw.00.csv, запись 255
2026-06-16 13:42:45,035 INFO Сигналы: (2048, 6), каналов: 6
2026-06-16 13:42:45,048 INFO Графики успешно построены
2026-06-16 13:43:03,390 INFO Получен timestamp от трендов: 1781354898857
2026-06-16 13:43:03,424 INFO Начинаем построение графиков для LAR.3.20260613.123349.raw.00.csv, запись 259
2026-06-16 13:43:03,425 INFO Сигналы: (2048, 6), каналов: 6
2026-06-16 13:43:03,439 INFO Графики успешно построены
2026-06-16 13:43:22,843 INFO Начинаем построение графиков для LARTECH.075047.20260615.203124.raw.00.csv, запись 1
2026-06-16 13:43:22,843 INFO Сигналы: (2048, 6), каналов: 6
2026-06-16 13:43:22,857 INFO Графики успешно построены
2026-06-16 13:43:34,060 INFO Получен timestamp от трендов: 1781555886068
2026-06-16 13:43:34,077 INFO Начинаем построение графиков для LARTECH.075047.20260615.203124.raw.00.csv, запись 120
2026-06-16 13:43:34,077 INFO Сигналы: (2048, 6), каналов: 6
2026-06-16 13:43:34,091 INFO Графики успешно построены
2026-06-16 13:43:49,129 INFO Получен timestamp от трендов: 1781555886971
2026-06-16 13:43:49,146 INFO Начинаем построение графиков для LARTECH.075047.20260615.203124.raw.00.csv, запись 120
2026-06-16 13:43:49,146 INFO Сигналы: (2048, 6), каналов: 6
2026-06-16 13:43:49,159 INFO Графики успешно построены
2026-06-16 13:43:50,881 INFO Начинаем построение графиков для LARTECH.075047.20260615.203124.raw.00.csv, запись 119
2026-06-16 13:43:50,881 INFO Сигналы: (2048, 6), каналов: 6
2026-06-16 13:43:50,895 INFO Графики успешно построены
2026-06-16 13:43:51,264 INFO Начинаем построение графиков для LARTECH.075047.20260615.203124.raw.00.csv, запись 118
2026-06-16 13:43:51,264 INFO Сигналы: (2048, 6), каналов: 6
2026-06-16 13:43:51,278 INFO Графики успешно построены
2026-06-16 13:43:51,404 INFO Начинаем построение графиков для LARTECH.075047.20260615.203124.raw.00.csv, запись 117
2026-06-16 13:43:51,404 INFO Сигналы: (2048, 6), каналов: 6
2026-06-16 13:43:51,417 INFO Графики успешно построены
2026-06-16 13:43:51,556 INFO Начинаем построение графиков для LARTECH.075047.20260615.203124.raw.00.csv, запись 116
2026-06-16 13:43:51,557 INFO Сигналы: (2048, 6), каналов: 6
2026-06-16 13:43:51,570 INFO Графики успешно построены
2026-06-16 13:43:51,690 INFO Начинаем построение графиков для LARTECH.075047.20260615.203124.raw.00.csv, запись 115
2026-06-16 13:43:51,690 INFO Сигналы: (2048, 6), каналов: 6
2026-06-16 13:43:51,704 INFO Графики успешно построены
2026-06-16 13:43:51,829 INFO Начинаем построение графиков для LARTECH.075047.20260615.203124.raw.00.csv, запись 114
2026-06-16 13:43:51,830 INFO Сигналы: (2048, 6), каналов: 6
2026-06-16 13:43:51,843 INFO Графики успешно построены
2026-06-16 13:43:51,983 INFO Начинаем построение графиков для LARTECH.075047.20260615.203124.raw.00.csv, запись 113
2026-06-16 13:43:51,983 INFO Сигналы: (2048, 6), каналов: 6
2026-06-16 13:43:51,997 INFO Графики успешно построены
2026-06-16 13:43:52,123 INFO Начинаем построение графиков для LARTECH.075047.20260615.203124.raw.00.csv, запись 112
2026-06-16 13:43:52,123 INFO Сигналы: (2048, 6), каналов: 6
2026-06-16 13:43:52,136 INFO Графики успешно построены
2026-06-16 13:43:52,277 INFO Начинаем построение графиков для LARTECH.075047.20260615.203124.raw.00.csv, запись 111
2026-06-16 13:43:52,277 INFO Сигналы: (2048, 6), каналов: 6
2026-06-16 13:43:52,290 INFO Графики успешно построены
2026-06-16 13:43:52,423 INFO Начинаем построение графиков для LARTECH.075047.20260615.203124.raw.00.csv, запись 110
2026-06-16 13:43:52,424 INFO Сигналы: (2048, 6), каналов: 6
2026-06-16 13:43:52,437 INFO Графики успешно построены
2026-06-16 13:43:52,584 INFO Начинаем построение графиков для LARTECH.075047.20260615.203124.raw.00.csv, запись 109
2026-06-16 13:43:52,585 INFO Сигналы: (2048, 6), каналов: 6
2026-06-16 13:43:52,598 INFO Графики успешно построены
2026-06-16 13:43:52,747 INFO Начинаем построение графиков для LARTECH.075047.20260615.203124.raw.00.csv, запись 108
2026-06-16 13:43:52,747 INFO Сигналы: (2048, 6), каналов: 6
2026-06-16 13:43:52,760 INFO Графики успешно построены
2026-06-16 13:43:52,968 INFO Начинаем построение графиков для LARTECH.075047.20260615.203124.raw.00.csv, запись 107
2026-06-16 13:43:52,969 INFO Сигналы: (2048, 6), каналов: 6
2026-06-16 13:43:52,982 INFO Графики успешно построены
2026-06-16 13:43:53,871 INFO Начинаем построение графиков для LARTECH.075047.20260615.203124.raw.00.csv, запись 106
2026-06-16 13:43:53,871 INFO Сигналы: (2048, 6), каналов: 6
2026-06-16 13:43:53,884 INFO Графики успешно построены
2026-06-16 13:43:54,032 INFO Начинаем построение графиков для LARTECH.075047.20260615.203124.raw.00.csv, запись 105
2026-06-16 13:43:54,032 INFO Сигналы: (2048, 6), каналов: 6
2026-06-16 13:43:54,046 INFO Графики успешно построены
2026-06-16 13:43:54,199 INFO Начинаем построение графиков для LARTECH.075047.20260615.203124.raw.00.csv, запись 104
2026-06-16 13:43:54,199 INFO Сигналы: (2048, 6), каналов: 6
2026-06-16 13:43:54,213 INFO Графики успешно построены
2026-06-16 13:43:54,354 INFO Начинаем построение графиков для LARTECH.075047.20260615.203124.raw.00.csv, запись 103
2026-06-16 13:43:54,354 INFO Сигналы: (2048, 6), каналов: 6
2026-06-16 13:43:54,367 INFO Графики успешно построены
2026-06-16 13:43:54,514 INFO Начинаем построение графиков для LARTECH.075047.20260615.203124.raw.00.csv, запись 102
2026-06-16 13:43:54,515 INFO Сигналы: (2048, 6), каналов: 6
2026-06-16 13:43:54,528 INFO Графики успешно построены
2026-06-16 13:43:54,689 INFO Начинаем построение графиков для LARTECH.075047.20260615.203124.raw.00.csv, запись 101
2026-06-16 13:43:54,690 INFO Сигналы: (2048, 6), каналов: 6
2026-06-16 13:43:54,703 INFO Графики успешно построены
2026-06-16 13:44:00,787 INFO Получен timestamp от трендов: 1781555602617
2026-06-16 13:44:00,804 INFO Начинаем построение графиков для LARTECH.075047.20260615.203124.raw.00.csv, запись 35
2026-06-16 13:44:00,805 INFO Сигналы: (2048, 6), каналов: 6
2026-06-16 13:44:00,817 INFO Графики успешно построены
2026-06-16 13:44:05,054 INFO Получен timestamp от трендов: 1781555498769
2026-06-16 13:44:05,072 INFO Начинаем построение графиков для LARTECH.075047.20260615.203124.raw.00.csv, запись 4
2026-06-16 13:44:05,073 INFO Сигналы: (2048, 6), каналов: 6
2026-06-16 13:44:05,086 INFO Графики успешно построены
2026-06-16 13:44:11,685 INFO Получен timestamp от трендов: 1781555528754
2026-06-16 13:44:11,703 INFO Начинаем построение графиков для LARTECH.075047.20260615.203124.raw.00.csv, запись 13
2026-06-16 13:44:11,704 INFO Сигналы: (2048, 6), каналов: 6
2026-06-16 13:44:11,717 INFO Графики успешно построены
2026-06-16 13:44:18,678 INFO Получен timestamp от трендов: 1781555612759
2026-06-16 13:44:18,694 INFO Начинаем построение графиков для LARTECH.075047.20260615.203124.raw.00.csv, запись 38
2026-06-16 13:44:18,694 INFO Сигналы: (2048, 6), каналов: 6
2026-06-16 13:44:18,708 INFO Графики успешно построены
2026-06-16 13:44:37,005 INFO Получен timestamp от трендов: 1781555620962
2026-06-16 13:44:37,024 INFO Начинаем построение графиков для LARTECH.075047.20260615.203124.raw.00.csv, запись 41
2026-06-16 13:44:37,024 INFO Сигналы: (2048, 6), каналов: 6
2026-06-16 13:44:37,038 INFO Графики успешно построены
2026-06-16 13:44:47,634 INFO Получен timestamp от трендов: 1781555627387
2026-06-16 13:44:47,653 INFO Начинаем построение графиков для LARTECH.075047.20260615.203124.raw.00.csv, запись 43
2026-06-16 13:44:47,653 INFO Сигналы: (2048, 6), каналов: 6
2026-06-16 13:44:47,666 INFO Графики успешно построены
2026-06-16 13:45:03,152 INFO Начинаем построение графиков для LARTECH.075047.20260615.203124.raw.00.csv, запись 43
2026-06-16 13:45:03,152 INFO Сигналы: (2048, 6), каналов: 6
2026-06-16 13:45:03,154 INFO Графики успешно построены
2026-06-16 13:45:03,283 INFO Начинаем построение графиков для LARTECH.075047.20260615.203124.raw.00.csv, запись 43
2026-06-16 13:45:03,284 INFO Сигналы: (2048, 6), каналов: 6
2026-06-16 13:45:03,287 INFO Графики успешно построены
2026-06-16 13:45:03,649 INFO Начинаем построение графиков для LARTECH.075047.20260615.203124.raw.00.csv, запись 43
2026-06-16 13:45:03,649 INFO Сигналы: (2048, 6), каналов: 6
2026-06-16 13:45:03,652 INFO Графики успешно построены
2026-06-16 13:45:04,865 INFO Начинаем построение графиков для LARTECH.075047.20260615.203124.raw.00.csv, запись 43
2026-06-16 13:45:04,866 INFO Сигналы: (2048, 6), каналов: 6
2026-06-16 13:45:04,871 INFO Графики успешно построены
